 # ccd  x1  x2   y1   y2  BPMDEF_value
 25     1  127    1  118    16384
 25  1885 2048    1  122    16384
 25  1915 2048 1996 2143    16384
 25     1  133 2037 2177    16384
 25  1897 2048 3971 4096    16384
 25     1  142 3983 4096    16384
 26     1  146    1  106    16384
 26  1911 2048    1  115    16384
 26  1894 2048 2013 2150    16384
 26     1  154 2051 2206    16384
 26     1  152 3970 4096    16384
 26  1913 2048 3970 4096    16384
 27     1  140    1  139    16384
 27  1900 2048    1  125    16384
 27  1920 2048 1998 2160    16384
 27     1  121 2083 2222    16384
 27     1  134 3973 4096    16384
 27  1914 2048 4000 4096    16384
 32     1  136    1  112    16384
 32  1922 2048    1  140    16384
 32     1  136 1938 2097    16384
 32  1900 2048 1940 2081    16384
 32  1906 2048 3959 4096    16384
 32     1  149 3970 4096    16384
 33     1  138    1  115    16384
 33  1903 2048    1  114    16384
 33  1918 2048 2048 2179    16384
 33     1  140 2089 2233    16384
 33  1913 2048 3974 4096    16384
 33     1  131 3996 4096    16384
 34     1  125    1  116    16384
 34  1907 2048    1  133    16384
 34  1906 2048 1915 2058    16384
 34     1  139 2011 2161    16384
 34     1  142 3962 4096    16384
 34  1901 2048 3982 4096    16384
 19     1  145    1  121    16384
 19  1917 2048    1  121    16384
 19  1892 2048 1944 2085    16384
 19     1  137 2056 2200    16384
 19     1  141 3974 4096    16384
 19  1913 2048 3987 4096    16384
 20     1  153    1  124    16384
 20  1903 2048    1  113    16384
 20  1910 2048 1935 2094    16384
 20     1  151 2053 2202    16384
 20  1903 2048 3970 4096    16384
 20     1  136 3975 4096    16384
 13     1  144    1   81    16384
 13  1896 2048    1  123    16384
 13  1903 2048 1996 2145    16384
 13     1  138 1976 2124    16384
 13     1  175 3963 4096    16384
 13  1907 2048 3986 4096    16384
 14     1  144    1  113    16384
 14  1912 2048    1  123    16384
 14  1912 2048 1914 2072    16384
 14     1  148 1942 2101    16384
 14     1  154 3969 4096    16384
 14  1909 2048 3982 4096    16384
 08     1  154    1  138    16384
 08  1893 2048    1  122    16384
 08  1877 2048 1906 2082    16384
 08     1  157 2024 2166    16384
 08  1872 2048 3968 4096    16384
 08     1  164 3976 4096    16384
 04     1  138    1  126    16384
 04  1904 2048    1  120    16384
 04  1907 2048 1941 2072    16384
 04     1  159 2024 2174    16384
 04     1  164 3981 4096    16384
 04  1918 2048 3993 4096    16384
 39     1  143    1  129    16384
 39  1896 2048    1  144    16384
 39  1891 2048 2001 2153    16384
 39     1  129 2026 2170    16384
 39  1902 2048 3980 4096    16384
 39     1  155 3999 4096    16384
 40     1  148    1  113    16384
 40  1906 2048    1  113    16384
 40  1895 2048 2000 2142    16384
 40     1  161 2069 2225    16384
 40     1  142 3957 4096    16384
 40  1898 2048 3958 4096    16384
 45     1  153    1  134    16384
 45  1877 2048    1  141    16384
 45  1895 2048 1886 2041    16384
 45     1  164 1912 2065    16384
 45  1876 2048 3966 4096    16384
 45     1  151 3983 4096    16384
 46     1  159    1  127    16384
 46  1899 2048    1  100    16384
 46  1897 2048 1950 2110    16384
 46     1  201 2006 2154    16384
 46  1894 2048 3955 4096    16384
 46     1  145 3967 4096    16384
 51     1  141    1  122    16384
 51  1906 2048    1  113    16384
 51     1  156 2010 2147    16384
 51  1903 2048 2038 2178    16384
 51     1  148 3964 4096    16384
 51  1913 2048 3980 4096    16384
 56     1  134    1   93    16384
 56  1916 2048    1  108    16384
 56  1902 2048 1955 2095    16384
 56     1  140 2063 2217    16384
 56     1  145 3951 4096    16384
 56  1919 2048 3973 4096    16384
 21     1  147    1  129    16384
 21  1901 2048    1  122    16384
 21  1897 2048 1855 2003    16384
 21     1  126 2023 2168    16384
 21  1917 2048 3946 4096    16384
 21     1  126 3971 4096    16384
 22     1  158    1  138    16384
 22  1895 2048    1  127    16384
 22  1904 2048 1863 1995    16384
 22     1  155 1930 2087    16384
 22  1901 2048 3974 4096    16384
 22     1  167 3967 4096    16384
 23     1  139    1  120    16384
 23  1912 2048    1  130    16384
 23  1893 2048 1925 2083    16384
 23     1  145 2049 2193    16384
 23     1  149 3971 4096    16384
 23  1914 2048 3978 4096    16384
 24     1  132    1  107    16384
 24  1910 2048    1  105    16384
 24  1914 2048 2054 2185    16384
 24     1  111 2086 2214    16384
 24     1  138 3981 4096    16384
 24  1913 2048 3981 4096    16384
 17     1  162    1  142    16384
 17  1896 2048    1  148    16384
 17     1  163 1877 2012    16384
 17  1895 2048 1947 2101    16384
 17     1  154 3978 4096    16384
 17  1894 2048 3993 4096    16384
 18     1  120    1  104    16384
 18  1892 2048    1  110    16384
 18     1  127 1926 2058    16384
 18  1922 2048 2016 2160    16384
 18     1  135 3972 4096    16384
 18  1928 2048 3984 4096    16384
 15     1  136    1  133    16384
 15  1913 2048    1  136    16384
 15     1  152 1826 1961    16384
 15  1909 2048 1841 1993    16384
 15     1  141 3970 4096    16384
 15  1917 2048 3979 4096    16384
 16     1  150    1  108    16384
 16  1890 2048    1  113    16384
 16  1900 2048 2020 2171    16384
 16     1  148 2167 2301    16384
 16  1901 2048 3964 4096    16384
 16     1  135 3971 4096    16384
 09     1  157    1  132    16384
 09  1908 2048    1  120    16384
 09  1873 2048 1942 2091    16384
 09     1  175 1971 2127    16384
 09     1  151 3971 4096    16384
 09  1903 2048 3975 4096    16384
 10     1  134    1  110    16384
 10  1918 2048    1  117    16384
 10  1888 2048 1937 2103    16384
 10     1  158 2087 2251    16384
 10     1  141 3977 4096    16384
 10  1918 2048 3972 4096    16384
 11     1  153    1  121    16384
 11  1922 2048 1958 2098    16384
 11     1  158 2034 2184    16384
 11     1  153 3957 4096    16384
 11  1918 2048 3972 4096    16384
 11  1918 2048    1  117    16384
 12     1  134    1  128    16384
 12  1918 2048    1  113    16384
 12     1  136 1912 2046    16384
 12  1918 2048 1949 2076    16384
 12  1907 2048 4000 4096    16384
 12     1  135 3987 4096    16384
 05     1  144    1  121    16384
 05  1905 2048    1  126    16384
 05  1909 2048 1937 2083    16384
 05     1  141 1992 2144    16384
 05  1896 2048 3967 4096    16384
 05     1  149 3979 4096    16384
 06     1  143    1  109    16384
 06  1896 2048    1  119    16384
 06  1896 2048 1823 1965    16384
 06     1  152 2074 2205    16384
 06  1905 2048 3979 4096    16384
 06     1  152 3989 4096    16384
 07     1  146    1  108    16384
 07  1909 2048    1  108    16384
 07  1898 2048 1956 2098    16384
 07     1  138 2036 2175    16384
 07  1907 2048 3970 4096    16384
 07     1  146 3975 4096    16384
 01     1  129    1   88    16384
 01  1902 2048    1  114    16384
 01     1  132 2005 2120    16384
 01  1917 2048 2031 2143    16384
 01  1911 2048 3993 4096    16384
 01     1  147 4005 4096    16384
 02     1  148    1  116    16384
 02  1915 2048    1  133    16384
 02  1918 2048 2020 2165    16384
 02     1  149 2070 2205    16384
 02     1  139 3983 4096    16384
 02  1927 2048 3986 4096    16384
 03     1  164    1  128    16384
 03  1905 2048    1   89    16384
 03     1  153 2019 2169    16384
 03  1906 2048 2049 2188    16384
 03     1  155 3977 4096    16384
 03  1899 2048 3959 4096    16384
 35     1  137    1  113    16384
 35  1901 2048    1  107    16384
 35  1886 2048 2121 2263    16384
 35     1  136 2072 2219    16384
 35     1  156 3938 4096    16384
 35  1913 2048 3987 4096    16384
 36     1  150    1  131    16384
 36  1915 2048    1  131    16384
 36  1907 2048 1998 2142    16384
 36     1  132 2037 2188    16384
 36  1913 2048 3980 4096    16384
 36     1  154 3981 4096    16384
 37     1  133    1  129    16384
 37  1899 2048    1  135    16384
 37  1890 2048 1970 2125    16384
 37     1  136 2026 2171    16384
 37  1872 2048 3941 4096    16384
 37     1  136 3970 4096    16384
 38     1  147    1  120    16384
 38  1927 2048    1  102    16384
 38  1917 2048 1956 2114    16384
 38     1  142 1984 2121    16384
 38     1  135 3972 4096    16384
 38  1897 2048 3981 4096    16384
 28     1  161    1  117    16384
 28  1921 2048    1  114    16384
 28  1889 2048 1937 2081    16384
 28     1  142 2181 2315    16384
 28  1897 2048 3953 4096    16384
 28     1  142 3983 4096    16384
 29     1  146    1  101    16384
 29  1897 2048    1  110    16384
 29     1  131 1968 2107    16384
 29  1900 2048 1981 2138    16384
 29  1900 2048 3952 4096    16384
 29     1  157 3983 4096    16384
 30     1  134    1  110    16384
 30  1904 2048    1  138    16384
 30  1907 2048 1964 2110    16384
 30     1  127 2174 2326    16384
 30     1  149 3962 4096    16384
 30  1899 2048 3965 4096    16384
 31     1  185    1  112    16384
 31  1905 2048    1  102    16384
 31  1908 2048 1992 2141    16384
 31     1  153 2071 2215    16384
 31     1  165 3967 4096    16384
 31  1904 2048 3968 4096    16384
 41     1  138    1  121    16384
 41  1913 2048    1  130    16384
 41     1  143 1917 2064    16384
 41  1889 2048 1794 1984    16384
 41  1886 2048 3969 4096    16384
 41     1  138 3976 4096    16384
 42     1  154    1  117    16384
 42  1902 2048    1  137    16384
 42  1903 2048 1982 2142    16384
 42     1  147 2069 2217    16384
 42     1  156 3964 4096    16384
 42  1910 2048 3974 4096    16384
 43     1  142    1  115    16384
 43  1909 2048    1  111    16384
 43  1902 2048 1966 2125    16384
 43     1  162 2044 2196    16384
 43     1  149 3951 4096    16384
 43  1901 2048 3961 4096    16384
 44     1  152    1  126    16384
 44  1888 2048    1  128    16384
 44  1904 2048 1974 2119    16384
 44     1  140 2068 2206    16384
 44  1894 2048 3963 4096    16384
 44     1  159 3964 4096    16384
 49     1  141    1  117    16384
 49  1891 2048    1  129    16384
 49  1905 2048 1865 2015    16384
 49     1  150 1998 2144    16384
 49     1  139 3980 4096    16384
 49  1901 2048 3990 4096    16384
 50     1  140    1  122    16384
 50  1899 2048    1  121    16384
 50  1895 2048 2066 2209    16384
 50     1  142 2123 2280    16384
 50  1896 2048 3963 4096    16384
 50     1  154 3971 4096    16384
 47     1  130    1  122    16384
 47  1893 2048    1  120    16384
 47  1913 2048 1880 2030    16384
 47     1  150 1910 2072    16384
 47  1902 2048 3969 4096    16384
 47     1  134 3980 4096    16384
 48     1  136    1  123    16384
 48  1888 2048    1  121    16384
 48  1904 2048 1974 2120    16384
 48     1  151 2034 2195    16384
 48     1  143 3988 4096    16384
 48  1902 2048 4002 4096    16384
 52     1  137    1  115    16384
 52  1893 2048    1  131    16384
 52     1  145 1852 2004    16384
 52  1908 2048 1822 1954    16384
 52  1895 2048 3957 4096    16384
 52     1  142 3962 4096    16384
 53     1  146    1  161    16384
 53  1909 2048    1  123    16384
 53  1907 2048 1863 2010    16384
 53     1  150 1895 2038    16384
 53  1903 2048 3965 4096    16384
 53     1  152 3977 4096    16384
 54     1  146    1  130    16384
 54  1895 2048    1  134    16384
 54     1  161 1967 2123    16384
 54  1898 2048 1941 2079    16384
 54     1  162 3968 4096    16384
 54  1904 2048 3974 4096    16384
 55     1  151    1  126    16384
 55  1908 2048    1  145    16384
 55     1  149 1966 2126    16384
 55  1903 2048 1964 2113    16384
 55  1898 2048 3964 4096    16384
 55     1  148 3971 4096    16384
 57     1  140    1  108    16384
 57  1913 2048    1  111    16384
 57  1895 2048 1968 2127    16384
 57     1  127 2105 2263    16384
 57     1  143 3962 4096    16384
 57  1917 2048 3974 4096    16384
 58     1  137    1   98    16384
 58  1900 2048    1  124    16384
 58     1  131 1834 1969    16384
 58  1905 2048 1967 2093    16384
 58     1  122 3996 4096    16384
 58  1903 2048 4003 4096    16384
 59     1  130    1  121    16384
 59  1896 2048    1  115    16384
 59  1894 2048 1966 2125    16384
 59     1  139 2120 2278    16384
 59  1899 2048 3968 4096    16384
 59     1  145 3970 4096    16384
 60     1  151    1  138    16384
 60  1897 2048    1  138    16384
 60  1893 2048 1910 2048    16384
 60     1  146 1884 2036    16384
 60  1882 2048 3963 4096    16384
 60     1  153 3967 4096    16384
 61     1  131    1  144    16384
 61  1908 2048    1  121    16384
 61     1  143 1873 2033    16384
 61  1883 2048 1880 2033    16384
 61     1  160 3983 4096    16384
 61  1894 2048 3985 4096    16384
 62     1  133    1  109    16384
 62  1905 2048    1  135    16384
 62     1  139 1914 2060    16384
 62  1906 2048 1931 2071    16384
 62     1  147 3975 4096    16384
 62  1908 2048 3977 4096    16384

